{
  "RSpec": {
    "coverage": {
      "/Users/JeffHome/Documents/Ruby Practice/beautipoll/spec/factories.rb": [
        1,
        null,
        1,
        8,
        8,
        1,
        null,
        null,
        1,
        1,
        1,
        1,
        1,
        1,
        null,
        1,
        1,
        1,
        null,
        null,
        1,
        7,
        null,
        null,
        null,
        null,
        1,
        1,
        1,
        36,
        1,
        null,
        null
      ],
      "/Users/JeffHome/Documents/Ruby Practice/beautipoll/config/environment.rb": [
        null,
        null,
        null,
        1,
        null,
        1,
        null,
        null,
        1,
        null,
        1,
        1,
        null,
        1,
        1,
        1,
        null,
        1,
        null,
        1,
        1,
        null,
        null,
        1,
        null,
        1,
        null,
        null,
        4,
        4,
        null,
        null,
        1
      ],
      "/Users/JeffHome/Documents/Ruby Practice/beautipoll/app/controllers/index.rb": [
        1,
        0,
        0,
        0,
        0,
        0,
        0,
        0,
        0,
        null,
        null,
        null,
        null,
        1,
        0,
        0,
        0,
        null,
        null,
        1,
        0,
        0,
        null,
        null,
        1,
        0,
        null,
        null,
        null,
        null,
        1,
        0,
        null,
        null,
        1,
        0,
        0,
        0,
        0,
        0,
        null
      ],
      "/Users/JeffHome/Documents/Ruby Practice/beautipoll/app/controllers/questions_controller.rb": [
        1,
        null,
        null
      ],
      "/Users/JeffHome/Documents/Ruby Practice/beautipoll/app/controllers/surveys_controller.rb": [
        1,
        0,
        0,
        0,
        0,
        null,
        null,
        1,
        0,
        null,
        null,
        1,
        0,
        0,
        0,
        0,
        null,
        null,
        null,
        null,
        null,
        1,
        0,
        0,
        0,
        null,
        0,
        null,
        0,
        null,
        null,
        1,
        0,
        0,
        0,
        null,
        null,
        1,
        0,
        0,
        0,
        0,
        null,
        null,
        1,
        0,
        0,
        0,
        0,
        0,
        0,
        0,
        null,
        null,
        0,
        null
      ],
      "/Users/JeffHome/Documents/Ruby Practice/beautipoll/app/helpers/confirm_login.rb": [
        1,
        0,
        0,
        0,
        0,
        null,
        0,
        null,
        null,
        0,
        null,
        null
      ],
      "/Users/JeffHome/Documents/Ruby Practice/beautipoll/app/helpers/sessions.rb": [
        1,
        null,
        1,
        0,
        null,
        null,
        null
      ],
      "/Users/JeffHome/Documents/Ruby Practice/beautipoll/app/helpers/validate_and_create_user.rb": [
        1,
        0,
        0,
        null,
        null,
        1,
        0,
        0,
        0,
        null,
        0,
        0,
        0,
        null,
        null,
        1,
        0,
        0,
        0,
        0,
        null,
        0,
        null,
        null
      ],
      "/Users/JeffHome/Documents/Ruby Practice/beautipoll/config/database.rb": [
        null,
        1,
        0,
        null,
        null,
        null,
        null,
        null,
        null,
        null,
        1,
        6,
        6,
        null,
        null,
        null,
        null,
        null,
        null,
        null,
        null,
        null,
        null,
        null,
        null,
        1,
        null,
        1,
        null,
        null,
        null,
        null,
        null,
        null,
        1,
        null,
        null,
        null,
        null,
        null,
        null,
        null,
        null
      ],
      "/Users/JeffHome/Documents/Ruby Practice/beautipoll/app/models/survey.rb": [
        1,
        1,
        1,
        1,
        null,
        1,
        1,
        null,
        null,
        null,
        null,
        null,
        null,
        null
      ],
      "/Users/JeffHome/Documents/Ruby Practice/beautipoll/app/models/user.rb": [
        1,
        1,
        1,
        null,
        1,
        null,
        1,
        0,
        null,
        null,
        null
      ],
      "/Users/JeffHome/Documents/Ruby Practice/beautipoll/app/models/question.rb": [
        1,
        1,
        1,
        null
      ]
    },
    "timestamp": 1376700662
  }
}
